{
  "RSpec": {
    "coverage": {
      "/home/avest/Ragnarson/DayVII/shop_sinatra/spec/requests/root_spec.rb": [
        1,
        null,
        1,
        1,
        0,
        null,
        null,
        1,
        0,
        null,
        null,
        1,
        0,
        null,
        null,
        1,
        0,
        null,
        null,
        1,
        0,
        null,
        null,
        1,
        1,
        0,
        null,
        null
      ],
      "/home/avest/Ragnarson/DayVII/shop_sinatra/spec/web_helper.rb": [
        1,
        1,
        null,
        1,
        null,
        1,
        1,
        0,
        null,
        null,
        null,
        1,
        1,
        1,
        null
      ],
      "/home/avest/Ragnarson/DayVII/shop_sinatra/sinatra_app.rb": [
        1,
        1,
        null,
        18,
        null,
        1,
        null,
        1,
        null,
        null,
        null,
        null,
        null,
        null,
        null,
        1,
        null,
        null,
        null,
        null,
        null,
        null,
        null,
        1,
        null,
        1,
        null,
        1,
        0,
        null,
        null,
        1,
        0,
        0,
        null,
        null,
        1,
        0,
        0,
        0,
        null,
        null,
        1,
        0,
        0,
        0,
        0,
        0,
        0,
        null,
        0,
        0,
        0,
        null,
        null,
        1,
        0,
        0,
        0,
        0,
        0,
        0,
        null,
        0,
        0,
        null,
        null,
        1,
        0,
        0,
        null,
        null,
        1,
        0,
        0,
        null,
        null,
        1,
        0,
        0,
        null,
        null,
        1,
        0,
        0,
        null,
        null,
        null
      ],
      "/home/avest/Ragnarson/DayVII/shop_sinatra/lib/services/price_net.rb": [
        1,
        1,
        1,
        0,
        0,
        null,
        null,
        1,
        1,
        0,
        null,
        null,
        null
      ],
      "/home/avest/Ragnarson/DayVII/shop_sinatra/lib/services/fetch_commodity.rb": [
        1,
        1,
        1,
        0,
        null,
        null,
        null
      ],
      "/home/avest/Ragnarson/DayVII/shop_sinatra/lib/services/find_products_in_basket.rb": [
        1,
        1,
        1,
        0,
        0,
        null,
        null,
        null,
        null
      ],
      "/home/avest/Ragnarson/DayVII/shop_sinatra/lib/services/fetch_products.rb": [
        1,
        1,
        1,
        0,
        null,
        null,
        null
      ],
      "/home/avest/Ragnarson/DayVII/shop_sinatra/lib/services/price_gross.rb": [
        1,
        null,
        1,
        1,
        1,
        0,
        null,
        null,
        null
      ],
      "/home/avest/Ragnarson/DayVII/shop_sinatra/lib/services/add_product_to_basket.rb": [
        1,
        1,
        1,
        null,
        1,
        1,
        1,
        0,
        0,
        0,
        0,
        0,
        0,
        null,
        0,
        null,
        null,
        null,
        null
      ],
      "/home/avest/Ragnarson/DayVII/shop_sinatra/lib/services/find_product_in_warehouse_by_id.rb": [
        1,
        1,
        1,
        0,
        null,
        null,
        null
      ],
      "/home/avest/Ragnarson/DayVII/shop_sinatra/lib/services/delete_commodity_from_warehouse.rb": [
        1,
        null,
        1,
        1,
        1,
        0,
        0,
        0,
        null,
        null,
        1,
        1,
        0,
        0,
        null,
        0,
        null,
        null,
        null,
        null
      ],
      "/home/avest/Ragnarson/DayVII/shop_sinatra/lib/services/fetch_product.rb": [
        1,
        1,
        1,
        0,
        null,
        null,
        null
      ],
      "/home/avest/Ragnarson/DayVII/shop_sinatra/lib/services/remove_product_from_basket.rb": [
        1,
        1,
        null,
        null,
        1,
        1,
        1,
        0,
        0,
        null,
        null,
        null,
        0,
        0,
        null,
        null,
        1,
        1,
        0,
        0,
        null,
        0,
        null,
        null,
        null,
        null
      ],
      "/home/avest/Ragnarson/DayVII/shop_sinatra/lib/services/add_commodity_to_warehouse.rb": [
        1,
        1,
        null,
        1,
        1,
        1,
        0,
        0,
        0,
        null,
        0,
        0,
        null,
        0,
        null,
        null,
        null,
        null
      ],
      "/home/avest/Ragnarson/DayVII/shop_sinatra/lib/services/create_warehouse.rb": [
        1,
        1,
        1,
        0,
        null,
        null,
        null
      ],
      "/home/avest/Ragnarson/DayVII/shop_sinatra/lib/services/receipt.rb": [
        1,
        1,
        1,
        null,
        1,
        1,
        1,
        0,
        0,
        0,
        null,
        0,
        0,
        0,
        null,
        0,
        0,
        0,
        0,
        0,
        0,
        null,
        null,
        null
      ],
      "/home/avest/Ragnarson/DayVII/shop_sinatra/lib/models/total_gross.rb": [
        1,
        1,
        1,
        1,
        0,
        null,
        null,
        1,
        0,
        null,
        null,
        null
      ],
      "/home/avest/Ragnarson/DayVII/shop_sinatra/lib/models/total_net.rb": [
        1,
        1,
        1,
        1,
        0,
        null,
        null,
        null
      ],
      "/home/avest/Ragnarson/DayVII/shop_sinatra/lib/models/commodity.rb": [
        1,
        1,
        1,
        1,
        null,
        1,
        null,
        1,
        5,
        5,
        5,
        null,
        null,
        1,
        1,
        5,
        null,
        null,
        null
      ],
      "/home/avest/Ragnarson/DayVII/shop_sinatra/lib/models/product.rb": [
        1,
        1,
        1,
        null,
        1,
        null,
        1,
        5,
        5,
        5,
        null,
        null,
        1,
        0,
        null,
        null,
        1,
        1,
        5,
        null,
        null,
        null
      ],
      "/home/avest/Ragnarson/DayVII/shop_sinatra/spec/sample_spec.rb": [
        1,
        null,
        0,
        0,
        null,
        null,
        0,
        null,
        0,
        null,
        null,
        null,
        null
      ]
    },
    "timestamp": 1468400390
  }
}
